9.999999999999997780e-01
9.999999999999997780e-01
9.999999999999997780e-01
9.999999999999997780e-01
9.999999999999997780e-01
9.999999999999997780e-01
9.999999999999997780e-01
9.999999999999997780e-01
9.999999999999997780e-01
9.999999999999997780e-01
9.999999999999997780e-01
9.999999999999997780e-01
1.000000000000000444e+00
1.000000000000000444e+00
1.000000000000000444e+00
1.000000000000000444e+00
1.000000000000000444e+00
9.999999999999997780e-01
1.000000000000000444e+00
1.000000000000000444e+00
1.000000000000000444e+00
1.000000000000000444e+00
9.999999999999997780e-01
2.999997814133234186e+00
2.999998559558058719e+00
2.999991306476906594e+00
2.999997472595360204e+00
2.999998030012019257e+00
2.999994264964006341e+00
2.999999376481844671e+00
2.999995796809105109e+00
2.999996146051277179e+00
2.999961269540891262e+00
9.999999999999997780e-01
4.999995628266473702e+00
4.999997119116117439e+00
4.999982612953815853e+00
4.999994945190721296e+00
4.999996060024028743e+00
4.999988529928010017e+00
4.999998752963685789e+00
4.999991593618198671e+00
4.999992292102553471e+00
4.999922539081802952e+00
9.999999999999997780e-01
6.999993442399705224e+00
6.999995678674171273e+00
6.999973919430734881e+00
6.999992417786081056e+00
6.999994090036067540e+00
6.999982794891991489e+00
6.999998129445526907e+00
6.999987390427316214e+00
6.999988438153818215e+00
6.999883808622693770e+00
9.999999999999997780e-01
8.999991256532943851e+00
8.999994238232227772e+00
8.999965225907603283e+00
8.999989890381447921e+00
8.999992120048080579e+00
8.999977059856004047e+00
8.999997505927380459e+00
8.999983187236390236e+00
8.999984584205085625e+00
8.999845078163527745e+00
9.999999999999997780e-01
1.099998907066617271e+01
1.099999279779030203e+01
1.099995653238453741e+01
1.099998736297680502e+01
1.099999015006009628e+01
1.099997132481999351e+01
1.099999688240922247e+01
1.099997898404548557e+01
1.099998073025635748e+01
1.099980634770450827e+01
9.999999999999997780e-01
1.299998688479940512e+01
1.299999135734834432e+01
1.299994783886144489e+01
1.299998483557216744e+01
1.299998818007211909e+01
1.299996558978399364e+01
1.299999625889107158e+01
1.300005394824789562e+01
1.300068891761086931e+01
1.299976761824916593e+01
9.999999999999997780e-01
1.499998469893264819e+01
1.499998991690640615e+01
1.499993914535402872e+01
1.499998230816752987e+01
1.500010707255329656e+01
1.500045247458532671e+01
1.500037968551001555e+01
1.500018910334987510e+01
1.500040510672485006e+01
1.499994325738652101e+01
9.999999999999997780e-01
1.699998251306588770e+01
1.699998847646447331e+01
1.699996669791597981e+01
1.700030639513115460e+01
1.700055017996614026e+01
1.700048667349965470e+01
1.700059546473580951e+01
1.700269073074494131e+01
1.700096132368980051e+01
1.700543154373856680e+01
9.999999999999997780e-01
1.899998032719911834e+01
1.899998703602251737e+01
1.900043029317039611e+01
1.900053045248254335e+01
1.899998227010820884e+01
1.900069877837325549e+01
1.900102750364089843e+01
1.900954800993981664e+01
1.900154196819720553e+01
1.899951695278267394e+01
1.869635536740911164e+01
1.000167081150118653e+00
1.000532278087565619e+00
1.001031952342392950e+00
1.001413143976372710e+00
1.001789502552534072e+00
1.002148441880395646e+00
1.002642730440701957e+00
1.003078994880664432e+00
1.003643749393146489e+00
1.003842299439828833e+00
1.869635536740911164e+01
1.938938802270635087e+00
1.482924804623061199e+00
1.320521537973471382e+00
1.238993614402988497e+00
1.190322756016862549e+00
1.158024030441339391e+00
1.135094855424897631e+00
1.117942643374384204e+00
1.104666772268457553e+00
1.094057949947444985e+00
1.869635536740911164e+01
3.658588294786834894e+00
3.354401036647091772e+00
3.242823774882963139e+00
3.184851896118366721e+00
3.149269021672381985e+00
3.125315098949243531e+00
3.108051514312412333e+00
3.094949656787902903e+00
3.084925213411370049e+00
3.076668827122513328e+00
1.869635536740911164e+01
5.440576828288030242e+00
5.230126077952204078e+00
5.156072504941242585e+00
5.118126378920605291e+00
5.095228779633923288e+00
5.079839075811962701e+00
5.068705135882615842e+00
5.060479583024564576e+00
5.054030990147377445e+00
5.048733223985505170e+00
1.869635536740911164e+01
7.315637279348168320e+00
7.161892570945263436e+00
7.109010809106853124e+00
7.082381702268158996e+00
7.066252414012755168e+00
7.055635611813902308e+00
7.047867412383597596e+00
7.042315970800425262e+00
7.037929405388636539e+00
7.034277966263467796e+00
1.869635536740911164e+01
9.242635029431312432e+00
9.123319144913489609e+00
9.082919597680806589e+00
9.062643919283342342e+00
9.050299967956963343e+00
9.042490981190407950e+00
9.036705150757935456e+00
9.032309700405150465e+00
9.029302825481291706e+00
9.026804225887245181e+00
1.869635536740911164e+01
1.119624433372945305e+01
1.109927873451602132e+01
1.106672319070052701e+01
1.105044972958995508e+01
1.104060383494417152e+01
1.103477841769001344e+01
1.103038164384420838e+01
1.102720951903078728e+01
1.102399252492667792e+01
1.102309379497729758e+01
1.869635536740911164e+01
1.316455018432708002e+01
1.308301750934180063e+01
1.305597255826865855e+01
1.304216979274189292e+01
1.303451049224904068e+01
1.302935755709033039e+01
1.302630540495346700e+01
1.302414680720815454e+01
1.302166089267334037e+01
1.302116702637621337e+01
1.869635536740911164e+01
1.514163272943444483e+01
1.507154486219354084e+01
1.504805188373173408e+01
1.503711928913681994e+01
1.503042974673945764e+01
1.502623272242336405e+01
1.502380554933144552e+01
1.502157356465572136e+01
1.501907687930868818e+01
1.501781889492511191e+01
1.869635536740911164e+01
1.712420829024399538e+01
1.706281528419163962e+01
1.704253017218959698e+01
1.703235727007882971e+01
1.702738909617741214e+01
1.702326421380789512e+01
1.702092078286600696e+01
1.701861644015831132e+01
1.701681908150759170e+01
1.701574059316927645e+01
1.869635536740911164e+01
1.911068118934630178e+01
1.905604939414258325e+01
1.903823363346307929e+01
1.902961142006286366e+01
1.902438390056453343e+01
1.902096256590976964e+01
1.901832245221440942e+01
1.901648192737174625e+01
1.901508890001055718e+01
1.901396908149756015e+01
3.869635534810527133e+01
2.459106307280869430e+00
nan
nan
nan
nan
nan
nan
nan
nan
nan
3.869635534810527133e+01
3.643833029321793315e+00
2.660856771643453023e+00
2.206398412118215635e+00
1.939421079827645888e+00
1.764488085154813701e+00
1.642844084544123451e+00
1.552300583383960042e+00
1.483544408370446988e+00
1.430981055150650327e+00
1.386554739365410738e+00
3.869635534810527133e+01
4.952498361402275506e+00
4.166939674191316278e+00
3.840907107299811329e+00
3.659299189851287881e+00
3.542739476270501786e+00
3.461713720934292304e+00
3.401638321559798062e+00
3.355984878884497480e+00
3.319473381186708316e+00
3.289839695868882696e+00
3.869635534810527133e+01
6.455000665265651527e+00
5.818138084794208353e+00
5.572547529812051259e+00
5.441143130137870543e+00
5.359299264819781250e+00
5.303207766794598044e+00
5.262363566449475449e+00
5.231341479256408356e+00
5.207187289327779744e+00
5.187586638665694139e+00
3.869635534810527133e+01
8.121815356220572824e+00
7.604487686698247373e+00
7.415070690687764809e+00
7.316504028699555739e+00
7.255933345665825485e+00
7.215116834218395780e+00
7.185215053760869885e+00
7.163232662646612070e+00
7.146000202013270020e+00
7.131828475675948020e+00
3.869635534810527133e+01
9.898919152837205360e+00
9.472265081721037205e+00
9.321000274020464715e+00
9.243204973902988897e+00
9.196024598613606216e+00
9.164778041335550185e+00
9.141687482109670526e+00
9.125387141647443912e+00
9.111673397703544452e+00
9.101141461624571605e+00
3.869635534810527133e+01
1.174467385747533221e+01
1.138545090059759524e+01
1.126050538432316372e+01
1.119732799494959252e+01
1.115852311993313073e+01
1.113353599905249247e+01
1.111519352626430290e+01
1.110161524364750463e+01
1.109144854775902012e+01
1.108268750348569931e+01
3.869635534810527133e+01
1.363344430939812746e+01
1.332489824862848415e+01
1.321911416052050825e+01
1.316557119708784285e+01
1.313329538545062292e+01
1.311229922017881400e+01
1.309706300565520998e+01
1.308613325096883884e+01
1.307709176092101266e+01
1.307024696847562062e+01
3.869635534810527133e+01
1.554999778215011652e+01
1.528067849198119532e+01
1.518895697863962369e+01
1.514271515960192893e+01
1.511543917533187553e+01
1.509734536072293487e+01
1.508488987256193425e+01
1.507478959990102041e+01
1.506760983509991725e+01
1.506158412127997259e+01
3.869635534810527133e+01
1.748538039733688620e+01
1.724682227758484743e+01
1.716616669808428242e+01
1.712547049945972688e+01
1.710127258097695346e+01
1.708599461298131672e+01
1.707414601568150303e+01
1.706571160858709035e+01
1.705935361074590517e+01
1.705409920270827584e+01
3.869635534810527133e+01
1.943425507242972472e+01
1.922016950779030964e+01
1.914828149470675811e+01
1.911220471340835658e+01
1.909084073998241138e+01
1.907669545453786597e+01
1.906597406966445618e+01
1.905882932065457425e+01
1.905261708976598101e+01
1.904770852832850991e+01
5.869635534810670663e+01
4.203818075104908125e+00
2.703050165928724269e+00
nan
nan
nan
nan
nan
nan
nan
nan
5.869635534810670663e+01
5.182367886217541297e+00
3.838522714868468189e+00
3.203977312569423752e+00
2.809987834386619365e+00
2.633915793849633591e+00
nan
nan
nan
nan
nan
5.869635534810670663e+01
6.340562272770401187e+00
5.119631309617417081e+00
4.588401507363883525e+00
4.279336048729856401e+00
4.074775970160924743e+00
3.927881516839239140e+00
3.817569937316079187e+00
3.730743181349064130e+00
3.660980461405483499e+00
3.604161788066083894e+00
5.869635534810670663e+01
7.686191810324372042e+00
6.597413541054908848e+00
6.152729610356899137e+00
5.905740926999043516e+00
5.747811895569943097e+00
5.636984678550040151e+00
5.555510807906935078e+00
5.492900717381371756e+00
5.442875189579173600e+00
5.402843292267716535e+00
5.869635534810670663e+01
9.195598199745738555e+00
8.241897695653099376e+00
7.872164734087440330e+00
7.674082535215103640e+00
7.549767554625284482e+00
7.464428291535084803e+00
7.402576638905102868e+00
7.355368983615834466e+00
7.317986019443640799e+00
7.288109954613957164e+00
5.869635534810670663e+01
1.083104398559729731e+01
1.000053962144298403e+01
9.691140595243494360e+00
9.528949510437522363e+00
9.428396121366981575e+00
9.360566739678096937e+00
9.311500181611380711e+00
9.274730591902068610e+00
9.244941836908296295e+00
9.221776138752124652e+00
5.869635534810670663e+01
1.255768795485218092e+01
1.183131662980239796e+01
1.156870415772786131e+01
1.143273632808728379e+01
1.134930008854910000e+01
1.129395557412016160e+01
1.125357029650191087e+01
1.122358276275216404e+01
1.119969291643683640e+01
1.118090496956409829e+01
5.869635534810670663e+01
1.434890332542260971e+01
1.370859012823040679e+01
1.348186389938778973e+01
1.336532731592190970e+01
1.329485248567603328e+01
1.324711675848918091e+01
1.321377295609470082e+01
1.318878462973923149e+01
1.316860153532564581e+01
1.315353988355627735e+01
5.869635534810670663e+01
1.618576463228665929e+01
1.561636918978563493e+01
1.541730328576728581e+01
1.531589285478577267e+01
1.525450056989149772e+01
1.521346287544974629e+01
1.518442394653176741e+01
1.516322616884585628e+01
1.514579399864232201e+01
1.513231924948441787e+01
5.869635534810670663e+01
1.805548151525982448e+01
1.754475875686510022e+01
1.736765635076111636e+01
1.727857530386375373e+01
1.722441703960635806e+01
1.718858801204956777e+01
1.716252698884305516e+01
1.714290722658390109e+01
1.712819705728533037e+01
1.711586353507937375e+01
5.869635534810670663e+01
1.995014164210519070e+01
1.948750022795946535e+01
1.932886158256580700e+01
1.924855681499040827e+01
1.920004295790117155e+01
1.916831587084082500e+01
1.914476162212768173e+01
1.912795104165878257e+01
1.911418237738150694e+01
1.910313992243152015e+01
7.869635534810460342e+01
5.697064325443991883e+00
3.936334674647745224e+00
nan
nan
nan
nan
nan
nan
nan
nan
7.869635534810460342e+01
6.638083598433065724e+00
4.926960514458262885e+00
4.135144925970874574e+00
3.688253867361296567e+00
nan
nan
nan
nan
nan
nan
7.869635534810460342e+01
7.738587881445814887e+00
6.101551190388219581e+00
5.380128673978529896e+00
4.953615469685392014e+00
4.666069264601930833e+00
4.456543501386919459e+00
4.296462051724306619e+00
4.169238291865677404e+00
4.068734420658159046e+00
3.979916445015224902e+00
7.869635534810460342e+01
8.998681773279267659e+00
7.467581077430170744e+00
6.823206524130980277e+00
6.456382974797765684e+00
6.216951092273467872e+00
6.046570697366223435e+00
5.919895838333598448e+00
5.820483273836918769e+00
5.741063026993816543e+00
5.676958604807301079e+00
7.869635534810460342e+01
1.040308957153633074e+01
8.999981260565554919e+00
8.434959915575996448e+00
8.123121004466836936e+00
7.925074326323669816e+00
7.786851347051385375e+00
7.685323589019771084e+00
7.607185497673685681e+00
7.545229510892723646e+00
7.496010512950174842e+00
7.869635534810460342e+01
1.192865103929411497e+01
1.065777443687098547e+01
1.016499422442157829e+01
9.900613450330151721e+00
9.734928657046983957e+00
9.621456151497625342e+00
9.538484100743783500e+00
9.475851678531672206e+00
9.425435011964296450e+00
9.386012761172484176e+00
7.869635534810460342e+01
1.355021375752595070e+01
1.240415522023288908e+01
1.197319697452467224e+01
1.174656648745072296e+01
1.160533736984096187e+01
1.151010142192179408e+01
1.144085977582607683e+01
1.138943035794109804e+01
1.134824901294996025e+01
1.131527069478628178e+01
7.869635534810460342e+01
1.524666372988823859e+01
1.421209406010525456e+01
1.383242748670291711e+01
1.363516302691546223e+01
1.351392055725038333e+01
1.343171109652864992e+01
1.337315523524739191e+01
1.332886158266854437e+01
1.329366302604836569e+01
1.326672542955075862e+01
7.869635534810460342e+01
1.700058189519297969e+01
1.606344647846986362e+01
1.572572013103662947e+01
1.555166045333184321e+01
1.544612445793594979e+01
1.537402000502704880e+01
1.532352560774362082e+01
1.528472522339391304e+01
1.525477000313067677e+01
1.523041156528806717e+01
7.869635534810460342e+01
1.879857512473746439e+01
1.794550172317396530e+01
1.764254998698852361e+01
1.748720540430927528e+01
1.739299643100603987e+01
1.732968301793184907e+01
1.728409584483185668e+01
1.725022587455400469e+01
1.722391815876035182e+01
1.720206924367469981e+01
7.869635534810460342e+01
2.063060636107658752e+01
1.985007466601614823e+01
1.957548947701558362e+01
1.943607453228117876e+01
1.935118776927159701e+01
1.929405724506391806e+01
1.925406712537558107e+01
1.922337722726227938e+01
1.919934697485973984e+01
1.917996678011772715e+01
9.869635534810454658e+01
7.127043867580312941e+00
5.016723500149314674e+00
nan
nan
nan
nan
nan
nan
nan
nan
9.869635534810454658e+01
8.065650811763974914e+00
5.967766466841419870e+00
5.017235976203854975e+00
nan
nan
nan
nan
nan
nan
nan
9.869635534810454658e+01
9.140013786184768563e+00
7.089582040732490320e+00
6.183534600258715486e+00
5.645323978416629807e+00
5.279522622368819640e+00
5.012256273805889784e+00
4.804978054843793700e+00
4.644298430695372737e+00
nan
nan
9.869635534810454658e+01
1.034833769985748297e+01
8.383485356809680766e+00
7.542606241328924099e+00
7.057407954754869372e+00
6.736019526525308443e+00
6.506231325038192459e+00
6.332009427315155037e+00
6.195129402933544860e+00
6.085063544083589626e+00
5.994140277721817789e+00
9.869635534810454658e+01
1.168156601376111858e+01
9.831601042153936376e+00
9.067076332430035635e+00
8.637542965658104421e+00
8.360615664094051880e+00
8.165035483695973539e+00
8.020477886873967677e+00
7.907774555088684210e+00
7.818627288945397602e+00
7.745853258996847401e+00
9.869635534810454658e+01
1.312459639138575973e+01
1.140424263925149440e+01
1.071711797480749340e+01
1.034077596605774119e+01
1.010206196968733217e+01
9.936147974298160435e+00
9.814425009192722982e+00
9.720887257008076432e+00
9.647659581982940935e+00
9.588112703975497197e+00
9.869635534810454658e+01
1.466076242720744638e+01
1.307250007105897538e+01
1.245719221458860382e+01
1.212617261926960488e+01
1.191937437361147900e+01
1.177707026889677877e+01
1.167398679464911204e+01
1.159447111184036316e+01
1.153348748321777606e+01
1.148337699547936808e+01
9.869635534810454658e+01
1.627416589639536681e+01
1.481173419411286396e+01
1.425856793268720324e+01
1.396675705209291429e+01
1.378569719812199423e+01
1.366203466802238431e+01
1.357275685326571235e+01
1.350496163131944272e+01
1.345177662844117528e+01
1.340925366650543182e+01
9.869635534810454658e+01
1.795048090761455128e+01
1.660371387611943561e+01
1.610512649268113350e+01
1.584477638555128109e+01
1.568455905175085796e+01
1.557459698034424100e+01
1.549739489977744000e+01
1.543725393576704263e+01
1.539129312307310649e+01
1.535387831161772354e+01
9.869635534810454658e+01
1.967780020330208401e+01
1.843543595056326367e+01
1.798314380942288437e+01
1.774839310561155159e+01
1.760493537697597688e+01
1.750820171685709781e+01
1.743842648749856750e+01
1.738529957175998319e+01
1.734384610121878723e+01
1.731120105786596142e+01
9.869635534810454658e+01
2.144629034598227335e+01
2.029677862890941498e+01
1.988402317226995564e+01
1.967161219008398021e+01
1.954207173790661756e+01
1.945467998920401698e+01
1.939215861216461789e+01
1.934456850660583171e+01
1.930703788216784389e+01
1.927755222462644369e+01
1.186963553481074740e+02
8.539790560740764036e+00
6.047049073723582246e+00
nan
nan
nan
nan
nan
nan
nan
nan
1.186963553481074740e+02
9.483898519558238149e+00
6.986237021350127918e+00
5.864077997945642551e+00
nan
nan
nan
nan
nan
nan
nan
1.186963553481074740e+02
1.054399825761960052e+01
8.079233042835820555e+00
6.990428289924946803e+00
6.342008277175493092e+00
5.908075553871638519e+00
nan
5.545162185341242278e+00
nan
nan
nan
1.186963553481074740e+02
1.171814563008392263e+01
9.324929850866617187e+00
8.290603583069806604e+00
7.688440831436732736e+00
7.286576445705805760e+00
6.996795008897294110e+00
6.776095829498523848e+00
6.603264249656763951e+00
6.461075031716227102e+00
6.343108152114542264e+00
1.186963553481074740e+02
1.300050842575287113e+01
1.070939380280553799e+01
9.746013261392263871e+00
9.198694293155226021e+00
8.839648331160837813e+00
8.586130193162778923e+00
8.394915154226090692e+00
8.246183272250915408e+00
8.127584428299927666e+00
8.029941562766930829e+00
1.186963553481074740e+02
1.438159297887347243e+01
1.221269040010118268e+01
1.132667897482560093e+01
1.083360853605541152e+01
1.051742568588723437e+01
1.029502835718006715e+01
1.013174017712599628e+01
1.000543082289165575e+01
9.905604253560843730e+00
9.822856061857303089e+00
1.186963553481074740e+02
1.584960116491154380e+01
1.381197171630166309e+01
1.300228367737437907e+01
1.256022648754292526e+01
1.228029829445397958e+01
1.208620257617121929e+01
1.194487016779890531e+01
1.183612718912708672e+01
1.175084572282428041e+01
1.168147579291268556e+01
1.186963553481074740e+02
1.739319441493559992e+01
1.548696034449386261e+01
1.474863429646701185e+01
1.435098773443104392e+01
1.410236825250136583e+01
1.393202269142210703e+01
1.380791670830034867e+01
1.371304258876328852e+01
1.363960047244044738e+01
1.357822233085393648e+01
1.186963553481074740e+02
1.900077781003327360e+01
1.722105802797821639e+01
1.654657099762353312e+01
1.618826424177155587e+01
1.596610104782812734e+01
1.581428928732576900e+01
1.570413010362297790e+01
1.562065773522236789e+01
1.555511165495673964e+01
1.550193207819245522e+01
1.186963553481074740e+02
2.066269556566421883e+01
1.900152855435015198e+01
1.838309744674613455e+01
1.805818399035294419e+01
1.785734510415659670e+01
1.772152366776471411e+01
1.762252390904475874e+01
1.754814748867182317e+01
1.748964006406276894e+01
1.744267511109769941e+01
1.186963553481074740e+02
2.237024530850698412e+01
2.081811255630312374e+01
2.024870206970798847e+01
1.995227902124326391e+01
1.976994048323367537e+01
1.964691405524634504e+01
1.955797727246903150e+01
1.949018503238397670e+01
1.943799049348945474e+01
1.939517679745793188e+01
1.386963553481052713e+02
9.948688884808651878e+00
7.061333631375378062e+00
nan
nan
nan
nan
nan
nan
nan
nan
1.386963553481052713e+02
1.089917927597115899e+01
7.994595308291700952e+00
6.699498823499244970e+00
6.238320810320414189e+00
nan
nan
nan
nan
nan
nan
1.386963553481052713e+02
1.195030552202671714e+01
9.070387050405413376e+00
7.798471591340151221e+00
7.040863941320079533e+00
nan
nan
nan
nan
nan
nan
1.386963553481052713e+02
1.310033679502233817e+01
1.028110139659938049e+01
9.056533369478671602e+00
8.339052823895171329e+00
7.857867409796733149e+00
7.508923922154718156e+00
7.244227005398878205e+00
7.029972128558783062e+00
6.859613802584237696e+00
6.797939167357169410e+00
1.386963553481052713e+02
1.434469063488944052e+01
1.161769903489055444e+01
1.045700825374139598e+01
9.791244899150314041e+00
9.351420561171902790e+00
9.037351366866722913e+00
8.800222245242498076e+00
8.615725414634976431e+00
8.465136403391664288e+00
8.342378331569991090e+00
1.386963553481052713e+02
1.567773233697265844e+01
1.306393753545360070e+01
1.197887506248834555e+01
1.136760123784837262e+01
1.097075243975160319e+01
1.069177018120999634e+01
1.048316000509123924e+01
1.032163440521695108e+01
1.019291848406320966e+01
1.008654256251102055e+01
1.386963553481052713e+02
1.709141504470356665e+01
1.460422968970508961e+01
1.359675230999615003e+01
1.303974293420311881e+01
1.268229042298488096e+01
1.243470488761893833e+01
1.225020924377912301e+01
1.211014020181704609e+01
1.199730202209177321e+01
1.190657584485395404e+01
1.386963553481052713e+02
1.857660441488262748e+01
1.622116379402729436e+01
1.528946160883110927e+01
1.478142872858152579e+01
1.446040069867356337e+01
1.423946934372576223e+01
1.407597329813113873e+01
1.395201409968631978e+01
1.385424465559306562e+01
1.377426230073089108e+01
1.386963553481052713e+02
2.012525990234751916e+01
1.790105657499935532e+01
1.703951240216173346e+01
1.657569209285600564e+01
1.628608730296902607e+01
1.608717055935433393e+01
1.594167177268099600e+01
1.583146273888274891e+01
1.574384360777599134e+01
1.567354741221631542e+01
1.386963553481052713e+02
2.172889697581053170e+01
1.963186479165882048e+01
1.883451398139770561e+01
1.840978764544377810e+01
1.814673288399214357e+01
1.796633827272865602e+01
1.783595119827418429e+01
1.773687562892154546e+01
1.765839141198936346e+01
1.759490134474079071e+01
1.386963553481052713e+02
2.338010051798744371e+01
2.140304653102404586e+01
2.066384938451032482e+01
2.027376027552551463e+01
2.003305124368100820e+01
1.986923889435538726e+01
1.975049923465278923e+01
1.966039899510506928e+01
1.958931070630262639e+01
1.953283466308646865e+01
1.586963553481032534e+02
1.135745137635653101e+01
8.058327206436734613e+00
nan
nan
nan
nan
nan
nan
nan
nan
1.586963553481032534e+02
1.231380246449732851e+01
8.998032418751822803e+00
7.524560935046480381e+00
nan
nan
nan
nan
nan
nan
nan
1.586963553481032534e+02
1.335829269291862076e+01
1.006286728073771108e+01
8.607353737724112719e+00
7.742401833435616609e+00
nan
nan
nan
nan
nan
nan
1.586963553481032534e+02
1.449010277359867516e+01
1.124798069008464552e+01
9.833480771486598826e+00
9.001681241480966378e+00
8.443115941632241217e+00
8.034792936863393464e+00
7.728415586117022507e+00
7.473139785452592498e+00
7.491087282130871827e+00
7.336936489852096344e+00
1.586963553481032534e+02
1.570589030377927742e+01
1.254609590794664520e+01
1.119078924996339630e+01
1.040710491443610941e+01
9.887307353724866132e+00
9.513071137171255742e+00
9.230142989660674147e+00
9.006631718271268738e+00
8.826294209684817815e+00
8.680671631564118584e+00
1.586963553481032534e+02
1.700090367334495767e+01
1.394697403951892767e+01
1.266247946440768324e+01
1.193216675460963394e+01
1.145452601930797343e+01
1.111634700317067015e+01
1.086206101117343437e+01
1.066464962597282451e+01
1.050558110555290803e+01
1.037603481802045557e+01
1.586963553481032534e+02
1.837016547338313543e+01
1.543615276621705945e+01
1.422931290952181271e+01
1.355416935280391222e+01
1.311824191928542049e+01
1.281231550302166688e+01
1.258473162911327670e+01
1.241058151971217072e+01
1.227040098830984327e+01
1.215688601212462672e+01
1.586963553481032534e+02
1.980705895917846959e+01
1.700199911386052776e+01
1.587220626924872313e+01
1.525054274185399095e+01
1.485324407667819457e+01
1.457748236877585768e+01
1.437375021419646970e+01
1.421774130574656425e+01
1.409368670718533423e+01
1.399316673052794613e+01
1.586963553481032534e+02
2.130495239288528353e+01
1.863232655408595662e+01
1.757721174009980558e+01
1.700394851017172115e+01
1.664136883503435271e+01
1.639142579544525802e+01
1.620790638832280450e+01
1.606785722229041369e+01
1.595673122537555599e+01
1.586734435755816541e+01
1.586963553481032534e+02
2.285728273454515858e+01
2.031558268355521335e+01
1.933058384138326247e+01
1.880149791565575512e+01
1.846929604359653609e+01
1.824183785138084701e+01
1.807550235702165864e+01
1.794812536422761795e+01
1.784847624324118698e+01
1.776841285748352206e+01
1.586963553481032534e+02
2.445784560340045743e+01
2.204327448384210442e+01
2.112271559638496754e+01
2.063268331797105759e+01
2.032764591993131376e+01
2.011932233167244988e+01
1.996762660597557826e+01
1.985266293898266099e+01
1.976191816072856611e+01
1.968865252849525049e+01
1.786963553481102451e+02
1.276708698488324600e+01
9.053452602753212730e+00
nan
nan
nan
nan
nan
nan
nan
nan
1.786963553481102451e+02
1.372827213140703861e+01
1.000006964832150480e+01
8.345099098343956356e+00
nan
nan
nan
nan
nan
nan
nan
1.786963553481102451e+02
1.476784321651584619e+01
1.105658925927190950e+01
9.417008946582120288e+00
8.445911943282268908e+00
nan
nan
nan
nan
nan
nan
1.786963553481102451e+02
1.588486239423010993e+01
1.222135107579163638e+01
1.061865609755454010e+01
9.674074384252783432e+00
9.036463047806043036e+00
8.589699847602554783e+00
nan
8.317766107114692886e+00
nan
nan
1.786963553481102451e+02
1.707795178132642278e+01
1.348892273108591588e+01
1.194094268500637668e+01
1.103956570997265096e+01
1.043929355150651972e+01
1.000617950872383766e+01
9.676837857958892286e+00
9.416215675098978721e+00
9.211939083371802894e+00
9.028338749602358604e+00
1.786963553481102451e+02
1.834309510032083068e+01
1.485122839549288010e+01
1.336995880501474332e+01
1.252141324039688008e+01
1.196285711810799768e+01
1.156376293664609811e+01
1.126443846415297756e+01
1.102925689397680564e+01
1.083963973312141604e+01
1.068453113447801250e+01
1.786963553481102451e+02
1.967550299864022989e+01
1.629846885521638100e+01
1.489173986578074782e+01
1.409745465671704068e+01
1.358224004222776138e+01
1.321752934226141640e+01
1.294602498572099591e+01
1.273392591016196107e+01
1.256551224863722460e+01
1.242777766263399108e+01
1.786963553481102451e+02
2.107235837796967459e+01
1.781892442583954050e+01
1.648997335523947072e+01
1.575095016542266002e+01
1.527529300397442569e+01
1.494292672199793159e+01
1.469563831129601716e+01
1.450646989381118424e+01
1.435518589464160577e+01
1.423256960214895450e+01
1.786963553481102451e+02
2.252698723357075039e+01
1.940379302397849415e+01
1.815190129960728171e+01
1.746453581833408464e+01
1.702587162877262372e+01
1.672236458988506769e+01
1.649817385511205003e+01
1.632650057908176677e+01
1.619069160748964009e+01
1.608064188505265335e+01
1.786963553481102451e+02
2.403410074529768536e+01
2.104347644895913660e+01
1.986518563739640797e+01
1.922549375805918359e+01
1.882203056527275464e+01
1.854279755442746236e+01
1.833901226315346378e+01
1.818323749280383694e+01
1.806001570180904281e+01
1.796001449942367145e+01
1.786963553481102451e+02
2.558934020700704437e+01
2.272991375349677412e+01
2.162123708360621777e+01
2.102510025830557794e+01
2.065175764393699609e+01
2.039568084329784980e+01
2.020818502344332757e+01
2.006563766348268274e+01
1.995352294398982096e+01
1.986232086753040704e+01
1.986963553481031397e+02
1.417737671903069518e+01
1.004875953482043904e+01
nan
nan
nan
nan
nan
nan
nan
nan
1.986963553481031397e+02
1.514247888979695844e+01
1.100026625990103746e+01
9.176162909467143081e+00
nan
nan
nan
nan
nan
nan
nan
1.986963553481031397e+02
1.617808440079806331e+01
1.205116689551885578e+01
1.022757990087106883e+01
9.142543202458185192e+00
8.403800453878719878e+00
nan
nan
nan
nan
nan
1.986963553481031397e+02
1.728384047474635210e+01
1.320006914983638069e+01
1.140898200025357490e+01
1.035239521746848190e+01
9.637827859865900848e+00
9.114600087584934229e+00
8.723231248336553278e+00
nan
nan
nan
1.986963553481031397e+02
1.845777123862863078e+01
1.444287212342117321e+01
1.270238419789387230e+01
1.168659301691319286e+01
1.100577640740091923e+01
1.051390508475961738e+01
1.013729405045235055e+01
9.842462847873829190e+00
9.599133941201241527e+00
9.393994367077953100e+00
1.986963553481031397e+02
1.969825873984475706e+01
1.577306383165769432e+01
1.409640863984941639e+01
1.312843500147952014e+01
1.248957725450489598e+01
1.203076083790219108e+01
1.168347382209040397e+01
1.141123874807459870e+01
1.119255489770512568e+01
1.100929059206600868e+01
1.986963553481031397e+02
2.100140020009505548e+01
1.718287150867517354e+01
1.557753743160086835e+01
1.466518085635768287e+01
1.406838129540031623e+01
1.364393470869547897e+01
1.332626144168823146e+01
1.307896136478515992e+01
1.288008478839990367e+01
1.271708625161738304e+01
1.986963553481031397e+02
2.236337060912726216e+01
1.866480632458879896e+01
1.713598353837874555e+01
1.627796450750319224e+01
1.572317388626480827e+01
1.533255356112297640e+01
1.504208052791540240e+01
1.481590305415320330e+01
1.463777683313761280e+01
1.449015060144440525e+01
1.986963553481031397e+02
2.378084629693566399e+01
2.020854376630175864e+01
1.875788614606126359e+01
1.795393596313716955e+01
1.743831252911697050e+01
1.707871662853673556e+01
1.681269740904475540e+01
1.660690599356794905e+01
1.644528711709667235e+01
1.631206052499386061e+01
1.986963553481031397e+02
2.524916166596334932e+01
2.180800760550184592e+01
2.043389677999235587e+01
1.968011767408641077e+01
1.920125675236176122e+01
1.886949194595381485e+01
1.862562795477946764e+01
1.843843388814772410e+01
1.829005606946761731e+01
1.816893347551880211e+01
1.986963553481031397e+02
2.676396220128670222e+01
2.345516035890367235e+01
2.215396528899308848e+01
2.144804828449697709e+01
2.100256325839930582e+01
2.069578167253107637e+01
2.047077711793865262e+01
2.029884685682590728e+01
2.016319486670369798e+01
2.005318365753276311e+01
