9.999999999999997780e-01
9.999999999999997780e-01
9.999999999999997780e-01
9.999999999999997780e-01
9.999999999999997780e-01
9.999999999999997780e-01
9.999999999999997780e-01
9.999999999999997780e-01
9.999999999999997780e-01
9.999999999999997780e-01
9.999999999999997780e-01
-2.220446049250313081e-16
4.440892098500626162e-16
4.440892098500626162e-16
4.440892098500626162e-16
4.440892098500626162e-16
4.440892098500626162e-16
-2.220446049250313081e-16
4.440892098500626162e-16
4.440892098500626162e-16
4.440892098500626162e-16
4.440892098500626162e-16
-1.000000000000000222e+00
9.999978141332341863e-01
9.999985595580587194e-01
9.999913064769065940e-01
9.999974725953602039e-01
9.999980300120192567e-01
9.999942649640063408e-01
9.999993764818446706e-01
9.999957968091051086e-01
9.999961460512771794e-01
9.999612695408912622e-01
-2.000000000000000000e+00
1.999995628266473702e+00
1.999997119116117439e+00
1.999982612953815853e+00
1.999994945190721296e+00
1.999996060024028743e+00
1.999988529928010017e+00
1.999998752963685789e+00
1.999991593618198671e+00
1.999992292102553471e+00
1.999922539081802952e+00
-3.000000000000000000e+00
2.999993442399705224e+00
2.999995678674171273e+00
2.999973919430734881e+00
2.999992417786081056e+00
2.999994090036067540e+00
2.999982794891991489e+00
2.999998129445526907e+00
2.999987390427316214e+00
2.999988438153818215e+00
2.999883808622693770e+00
-4.000000000000000000e+00
3.999991256532943851e+00
3.999994238232227772e+00
3.999965225907603283e+00
3.999989890381447921e+00
3.999992120048080579e+00
3.999977059856004047e+00
3.999997505927380459e+00
3.999983187236390236e+00
3.999984584205085625e+00
3.999845078163527745e+00
-5.000000000000000000e+00
4.999989070666172708e+00
4.999992797790302035e+00
4.999956532384537411e+00
4.999987362976805017e+00
4.999990150060096283e+00
4.999971324819993512e+00
4.999996882409222465e+00
4.999978984045485575e+00
4.999980730256357475e+00
4.999806347704508269e+00
-6.000000000000000000e+00
5.999986884799405118e+00
5.999991357348344323e+00
5.999947838861444893e+00
5.999984835572167441e+00
5.999988180072119093e+00
5.999965589783993636e+00
5.999996258891071577e+00
6.000053948247895619e+00
6.000688917610869311e+00
5.999767618249165935e+00
-7.000000000000000000e+00
6.999984698932648186e+00
6.999989916906406151e+00
6.999939145354028724e+00
6.999982308167529865e+00
7.000107072553296561e+00
7.000452474585326712e+00
7.000379685510015548e+00
7.000189103349875097e+00
7.000405106724850057e+00
6.999943257386521012e+00
-8.000000000000000000e+00
7.999982513065887701e+00
7.999988476464473308e+00
7.999966697915979807e+00
8.000306395131154602e+00
8.000550179966140263e+00
8.000486673499654700e+00
8.000595464735809514e+00
8.002690730744941305e+00
8.000961323689800508e+00
8.005431543738566802e+00
-9.000000000000000000e+00
8.999980327199118335e+00
8.999987036022517373e+00
9.000430293170396112e+00
9.000530452482543353e+00
8.999982270108208837e+00
9.000698778373255493e+00
9.001027503640898431e+00
9.009548009939816637e+00
9.001541968197205534e+00
8.999516952782673940e+00
1.869635536740911164e+01
1.000167081150118653e+00
1.000532278087565619e+00
1.001031952342392950e+00
1.001413143976372710e+00
1.001789502552534072e+00
1.002148441880395646e+00
1.002642730440701957e+00
1.003078994880664432e+00
1.003643749393146489e+00
1.003842299439828833e+00
1.769635536740911164e+01
9.389388022706350867e-01
4.829248046230611990e-01
3.205215379734713821e-01
2.389936144029884968e-01
1.903227560168625487e-01
1.580240304413393915e-01
1.350948554248976308e-01
1.179426433743842040e-01
1.046667722684575530e-01
9.405794994744498538e-02
1.669635536740911164e+01
1.658588294786834894e+00
1.354401036647091772e+00
1.242823774882963139e+00
1.184851896118366721e+00
1.149269021672381985e+00
1.125315098949243531e+00
1.108051514312412333e+00
1.094949656787902903e+00
1.084925213411370049e+00
1.076668827122513328e+00
1.569635536740911164e+01
2.440576828288030242e+00
2.230126077952204078e+00
2.156072504941242585e+00
2.118126378920605291e+00
2.095228779633923288e+00
2.079839075811962701e+00
2.068705135882615842e+00
2.060479583024564576e+00
2.054030990147377445e+00
2.048733223985505170e+00
1.469635536740911164e+01
3.315637279348168320e+00
3.161892570945263436e+00
3.109010809106853124e+00
3.082381702268158996e+00
3.066252414012755168e+00
3.055635611813902308e+00
3.047867412383597596e+00
3.042315970800425262e+00
3.037929405388636539e+00
3.034277966263467796e+00
1.369635536740911164e+01
4.242635029431312432e+00
4.123319144913489609e+00
4.082919597680806589e+00
4.062643919283342342e+00
4.050299967956963343e+00
4.042490981190407950e+00
4.036705150757935456e+00
4.032309700405150465e+00
4.029302825481291706e+00
4.026804225887245181e+00
1.269635536740911164e+01
5.196244333729453047e+00
5.099278734516021316e+00
5.066723190700527013e+00
5.050449729589955083e+00
5.040603834944171524e+00
5.034778417690013441e+00
5.030381643844208384e+00
5.027209519030787277e+00
5.023992524926677916e+00
5.023093794977297577e+00
1.169635536740911164e+01
6.164550184327080018e+00
6.083017509341800633e+00
6.055972558268658545e+00
6.042169792741892920e+00
6.034510492249040681e+00
6.029357557090330388e+00
6.026305404953467004e+00
6.024146807208154542e+00
6.021660892673340371e+00
6.021167026376213371e+00
1.069635536740911164e+01
7.141632729434444826e+00
7.071544862193540837e+00
7.048051883731734080e+00
7.037119289136819944e+00
7.030429746739457642e+00
7.026232722423364052e+00
7.023805549331445519e+00
7.021573564655721356e+00
7.019076879308688177e+00
7.017818894925111906e+00
9.696355367409111636e+00
8.124208290243995378e+00
8.062815284191639620e+00
8.042530172189596982e+00
8.032357270078829714e+00
8.027389096177412142e+00
8.023264213807895118e+00
8.020920782866006959e+00
8.018616440158311320e+00
8.016819081507591704e+00
8.015740593169276451e+00
8.696355367409111636e+00
9.110681189346301778e+00
9.056049394142583253e+00
9.038233633463079286e+00
9.029611420062863658e+00
9.024383900564533434e+00
9.020962565909769637e+00
9.018322452214409424e+00
9.016481927371746252e+00
9.015088900010557182e+00
9.013969081497560154e+00
3.869635534810527133e+01
2.459106307280869430e+00
nan
nan
nan
nan
nan
nan
nan
nan
nan
3.769635534810527133e+01
2.643833029321793315e+00
1.660856771643453023e+00
1.206398412118215635e+00
9.394210798276458885e-01
7.644880851548137013e-01
6.428440845441234508e-01
5.523005833839600420e-01
4.835444083704469875e-01
4.309810551506503273e-01
3.865547393654107378e-01
3.669635534810527133e+01
2.952498361402275506e+00
2.166939674191316278e+00
1.840907107299811329e+00
1.659299189851287881e+00
1.542739476270501786e+00
1.461713720934292304e+00
1.401638321559798062e+00
1.355984878884497480e+00
1.319473381186708316e+00
1.289839695868882696e+00
3.569635534810527133e+01
3.455000665265651527e+00
2.818138084794208353e+00
2.572547529812051259e+00
2.441143130137870543e+00
2.359299264819781250e+00
2.303207766794598044e+00
2.262363566449475449e+00
2.231341479256408356e+00
2.207187289327779744e+00
2.187586638665694139e+00
3.469635534810527133e+01
4.121815356220572824e+00
3.604487686698247373e+00
3.415070690687764809e+00
3.316504028699555739e+00
3.255933345665825485e+00
3.215116834218395780e+00
3.185215053760869885e+00
3.163232662646612070e+00
3.146000202013270020e+00
3.131828475675948020e+00
3.369635534810527133e+01
4.898919152837205360e+00
4.472265081721037205e+00
4.321000274020464715e+00
4.243204973902988897e+00
4.196024598613606216e+00
4.164778041335550185e+00
4.141687482109670526e+00
4.125387141647443912e+00
4.111673397703544452e+00
4.101141461624571605e+00
3.269635534810527133e+01
5.744673857475332213e+00
5.385450900597595236e+00
5.260505384323163725e+00
5.197327994949592522e+00
5.158523119933130729e+00
5.133535999052492471e+00
5.115193526264302903e+00
5.101615243647504627e+00
5.091448547759020116e+00
5.082687503485699310e+00
3.169635534810527133e+01
6.633444309398127459e+00
6.324898248628484154e+00
6.219114160520508250e+00
6.165571197087842847e+00
6.133295385450622916e+00
6.112299220178813997e+00
6.097063005655209977e+00
6.086133250968838837e+00
6.077091760921012664e+00
6.070246968475620619e+00
3.069635534810527133e+01
7.549997782150116521e+00
7.280678491981195322e+00
7.188956978639623685e+00
7.142715159601928931e+00
7.115439175331875532e+00
7.097345360722934871e+00
7.084889872561934254e+00
7.074789599901020409e+00
7.067609835099917248e+00
7.061584121279972592e+00
2.969635534810527133e+01
8.485380397336886205e+00
8.246822277584847427e+00
8.166166698084282416e+00
8.125470499459726881e+00
8.101272580976953464e+00
8.085994612981316720e+00
8.074146015681503030e+00
8.065711608587090353e+00
8.059353610745905172e+00
8.054099202708275840e+00
2.869635534810527133e+01
9.434255072429724720e+00
9.220169507790309638e+00
9.148281494706758110e+00
9.112204713408356582e+00
9.090840739982411378e+00
9.076695454537865970e+00
9.065974069664456181e+00
9.058829320654574246e+00
9.052617089765981007e+00
9.047708528328509914e+00
5.869635534810670663e+01
4.203818075104908125e+00
2.703050165928724269e+00
nan
nan
nan
nan
nan
nan
nan
nan
5.769635534810670663e+01
4.182367886217541297e+00
2.838522714868468189e+00
2.203977312569423752e+00
1.809987834386619365e+00
1.633915793849633591e+00
nan
nan
nan
nan
nan
5.669635534810670663e+01
4.340562272770401187e+00
3.119631309617417081e+00
2.588401507363883525e+00
2.279336048729856401e+00
2.074775970160924743e+00
1.927881516839239140e+00
1.817569937316079187e+00
1.730743181349064130e+00
1.660980461405483499e+00
1.604161788066083894e+00
5.569635534810670663e+01
4.686191810324372042e+00
3.597413541054908848e+00
3.152729610356899137e+00
2.905740926999043516e+00
2.747811895569943097e+00
2.636984678550040151e+00
2.555510807906935078e+00
2.492900717381371756e+00
2.442875189579173600e+00
2.402843292267716535e+00
5.469635534810670663e+01
5.195598199745738555e+00
4.241897695653099376e+00
3.872164734087440330e+00
3.674082535215103640e+00
3.549767554625284482e+00
3.464428291535084803e+00
3.402576638905102868e+00
3.355368983615834466e+00
3.317986019443640799e+00
3.288109954613957164e+00
5.369635534810670663e+01
5.831043985597297308e+00
5.000539621442984028e+00
4.691140595243494360e+00
4.528949510437522363e+00
4.428396121366981575e+00
4.360566739678096937e+00
4.311500181611380711e+00
4.274730591902068610e+00
4.244941836908296295e+00
4.221776138752124652e+00
5.269635534810670663e+01
6.557687954852180923e+00
5.831316629802397955e+00
5.568704157727861315e+00
5.432736328087283795e+00
5.349300088549099996e+00
5.293955574120161600e+00
5.253570296501910875e+00
5.223582762752164044e+00
5.199692916436836398e+00
5.180904969564098295e+00
5.169635534810670663e+01
7.348903325422609711e+00
6.708590128230406791e+00
6.481863899387789729e+00
6.365327315921909701e+00
6.294852485676033282e+00
6.247116758489180910e+00
6.213772956094700817e+00
6.188784629739231491e+00
6.168601535325645813e+00
6.153539883556277346e+00
5.069635534810670663e+01
8.185764632286659293e+00
7.616369189785634930e+00
7.417303285767285814e+00
7.315892854785772670e+00
7.254500569891497719e+00
7.213462875449746292e+00
7.184423946531767413e+00
7.163226168845856279e+00
7.145793998642322009e+00
7.132319249484417867e+00
4.969635534810670663e+01
9.055481515259824477e+00
8.544758756865100224e+00
8.367656350761116357e+00
8.278575303863753732e+00
8.224417039606358060e+00
8.188588012049567766e+00
8.162526988843055165e+00
8.142907226583901092e+00
8.128197057285330374e+00
8.115863535079373747e+00
4.869635534810670663e+01
9.950141642105190698e+00
9.487500227959465349e+00
9.328861582565806998e+00
9.248556814990408270e+00
9.200042957901171548e+00
9.168315870840824999e+00
9.144761622127681733e+00
9.127951041658782572e+00
9.114182377381506939e+00
9.103139922431520148e+00
7.869635534810460342e+01
5.697064325443991883e+00
3.936334674647745224e+00
nan
nan
nan
nan
nan
nan
nan
nan
7.769635534810460342e+01
5.638083598433065724e+00
3.926960514458262885e+00
3.135144925970874574e+00
2.688253867361296567e+00
nan
nan
nan
nan
nan
nan
7.669635534810460342e+01
5.738587881445814887e+00
4.101551190388219581e+00
3.380128673978529896e+00
2.953615469685392014e+00
2.666069264601930833e+00
2.456543501386919459e+00
2.296462051724306619e+00
2.169238291865677404e+00
2.068734420658159046e+00
1.979916445015224902e+00
7.569635534810460342e+01
5.998681773279267659e+00
4.467581077430170744e+00
3.823206524130980277e+00
3.456382974797765684e+00
3.216951092273467872e+00
3.046570697366223435e+00
2.919895838333598448e+00
2.820483273836918769e+00
2.741063026993816543e+00
2.676958604807301079e+00
7.469635534810460342e+01
6.403089571536330737e+00
4.999981260565554919e+00
4.434959915575996448e+00
4.123121004466836936e+00
3.925074326323669816e+00
3.786851347051385375e+00
3.685323589019771084e+00
3.607185497673685681e+00
3.545229510892723646e+00
3.496010512950174842e+00
7.369635534810460342e+01
6.928651039294114966e+00
5.657774436870985468e+00
5.164994224421578295e+00
4.900613450330151721e+00
4.734928657046983957e+00
4.621456151497625342e+00
4.538484100743783500e+00
4.475851678531672206e+00
4.425435011964296450e+00
4.386012761172484176e+00
7.269635534810460342e+01
7.550213757525950697e+00
6.404155220232889079e+00
5.973196974524672243e+00
5.746566487450722960e+00
5.605337369840961870e+00
5.510101421921794085e+00
5.440859775826076827e+00
5.389430357941098038e+00
5.348249012949960246e+00
5.315270694786281780e+00
7.169635534810460342e+01
8.246663729888238592e+00
7.212094060105254556e+00
6.832427486702917108e+00
6.635163026915462225e+00
6.513920557250383325e+00
6.431711096528649918e+00
6.373155235247391914e+00
6.328861582668544372e+00
6.293663026048365694e+00
6.266725429550758619e+00
7.069635534810460342e+01
9.000581895192979687e+00
8.063446478469863621e+00
7.725720131036629468e+00
7.551660453331843215e+00
7.446124457935949792e+00
7.374020005027048796e+00
7.323525607743620824e+00
7.284725223393913041e+00
7.254770003130676770e+00
7.230411565288067166e+00
6.969635534810460342e+01
9.798575124737464392e+00
8.945501723173965303e+00
8.642549986988523614e+00
8.487205404309275281e+00
8.392996431006039870e+00
8.329683017931849065e+00
8.284095844831856681e+00
8.250225874554004690e+00
8.223918158760351815e+00
8.202069243674699806e+00
6.869635534810460342e+01
1.063060636107658752e+01
9.850074666016148228e+00
9.575489477015583617e+00
9.436074532281178762e+00
9.351187769271597006e+00
9.294057245063918060e+00
9.254067125375581071e+00
9.223377227262279376e+00
9.199346974859739845e+00
9.179966780117727154e+00
9.869635534810454658e+01
7.127043867580312941e+00
5.016723500149314674e+00
nan
nan
nan
nan
nan
nan
nan
nan
9.769635534810454658e+01
7.065650811763974914e+00
4.967766466841419870e+00
4.017235976203854975e+00
nan
nan
nan
nan
nan
nan
nan
9.669635534810454658e+01
7.140013786184768563e+00
5.089582040732490320e+00
4.183534600258715486e+00
3.645323978416629807e+00
3.279522622368819640e+00
3.012256273805889784e+00
2.804978054843793700e+00
2.644298430695372737e+00
nan
nan
9.569635534810454658e+01
7.348337699857482974e+00
5.383485356809680766e+00
4.542606241328924099e+00
4.057407954754869372e+00
3.736019526525308443e+00
3.506231325038192459e+00
3.332009427315155037e+00
3.195129402933544860e+00
3.085063544083589626e+00
2.994140277721817789e+00
9.469635534810454658e+01
7.681566013761118583e+00
5.831601042153936376e+00
5.067076332430035635e+00
4.637542965658104421e+00
4.360615664094051880e+00
4.165035483695973539e+00
4.020477886873967677e+00
3.907774555088684210e+00
3.818627288945397602e+00
3.745853258996847401e+00
9.369635534810454658e+01
8.124596391385759730e+00
6.404242639251494396e+00
5.717117974807493397e+00
5.340775966057741186e+00
5.102061969687332166e+00
4.936147974298160435e+00
4.814425009192722982e+00
4.720887257008076432e+00
4.647659581982940935e+00
4.588112703975497197e+00
9.269635534810454658e+01
8.660762427207446379e+00
7.072500071058975379e+00
6.457192214588603818e+00
6.126172619269604880e+00
5.919374373611479001e+00
5.777070268896778771e+00
5.673986794649112042e+00
5.594471111840363164e+00
5.533487483217776060e+00
5.483376995479368077e+00
9.169635534810454658e+01
9.274165896395366815e+00
7.811734194112863960e+00
7.258567932687203239e+00
6.966757052092914293e+00
6.785697198121994234e+00
6.662034668022384309e+00
6.572756853265712351e+00
6.504961631319442716e+00
6.451776628441175276e+00
6.409253666505431823e+00
9.069635534810454658e+01
9.950480907614551285e+00
8.603713876119435611e+00
8.105126492681133499e+00
7.844776385551281095e+00
7.684559051750857961e+00
7.574596980344241004e+00
7.497394899777440003e+00
7.437253935767042634e+00
7.391293123073106486e+00
7.353878311617723540e+00
8.969635534810454658e+01
1.067780020330208401e+01
9.435435950563263674e+00
8.983143809422884374e+00
8.748393105611551590e+00
8.604935376975976880e+00
8.508201716857097807e+00
8.438426487498567496e+00
8.385299571759983195e+00
8.343846101218787226e+00
8.311201057865961417e+00
8.869635534810454658e+01
1.144629034598227335e+01
1.029677862890941498e+01
9.884023172269955637e+00
9.671612190083980209e+00
9.542071737906617557e+00
9.454679989204016977e+00
9.392158612164617892e+00
9.344568506605831715e+00
9.307037882167843890e+00
9.277552224626443689e+00
1.186963553481074740e+02
8.539790560740764036e+00
6.047049073723582246e+00
nan
nan
nan
nan
nan
nan
nan
nan
1.176963553481074740e+02
8.483898519558238149e+00
5.986237021350127918e+00
4.864077997945642551e+00
nan
nan
nan
nan
nan
nan
nan
1.166963553481074740e+02
8.543998257619600523e+00
6.079233042835820555e+00
4.990428289924946803e+00
4.342008277175493092e+00
3.908075553871638519e+00
nan
3.545162185341242278e+00
nan
nan
nan
1.156963553481074740e+02
8.718145630083922626e+00
6.324929850866617187e+00
5.290603583069806604e+00
4.688440831436732736e+00
4.286576445705805760e+00
3.996795008897294110e+00
3.776095829498523848e+00
3.603264249656763951e+00
3.461075031716227102e+00
3.343108152114542264e+00
1.146963553481074740e+02
9.000508425752871133e+00
6.709393802805537987e+00
5.746013261392263871e+00
5.198694293155226021e+00
4.839648331160837813e+00
4.586130193162778923e+00
4.394915154226090692e+00
4.246183272250915408e+00
4.127584428299927666e+00
4.029941562766930829e+00
1.136963553481074740e+02
9.381592978873472433e+00
7.212690400101182675e+00
6.326678974825600932e+00
5.833608536055411520e+00
5.517425685887234366e+00
5.295028357180067147e+00
5.131740177125996283e+00
5.005430822891655751e+00
4.905604253560843730e+00
4.822856061857303089e+00
1.126963553481074740e+02
9.849601164911543805e+00
7.811971716301663093e+00
7.002283677374379067e+00
6.560226487542925256e+00
6.280298294453979580e+00
6.086202576171219292e+00
5.944870167798905314e+00
5.836127189127086723e+00
5.750845722824280415e+00
5.681475792912685563e+00
1.116963553481074740e+02
1.039319441493559992e+01
8.486960344493862607e+00
7.748634296467011850e+00
7.350987734431043918e+00
7.102368252501365831e+00
6.932022691422107030e+00
6.807916708300348674e+00
6.713042588763288521e+00
6.639600472440447376e+00
6.578222330853936484e+00
1.106963553481074740e+02
1.100077781003327360e+01
9.221058027978216387e+00
8.546570997623533117e+00
8.188264241771555874e+00
7.966101047828127335e+00
7.814289287325768996e+00
7.704130103622977899e+00
7.620657735222367890e+00
7.555111654956739642e+00
7.501932078192455222e+00
1.096963553481074740e+02
1.166269556566421883e+01
1.000152855435015198e+01
9.383097446746134551e+00
9.058183990352944193e+00
8.857345104156596705e+00
8.721523667764714105e+00
8.622523909044758739e+00
8.548147488671823169e+00
8.489640064062768943e+00
8.442675111097699414e+00
1.086963553481074740e+02
1.237024530850698412e+01
1.081811255630312374e+01
1.024870206970798847e+01
9.952279021243263912e+00
9.769940483233675366e+00
9.646914055246345043e+00
9.557977272469031504e+00
9.490185032383976704e+00
9.437990493489454735e+00
9.395176797457931883e+00
1.386963553481052713e+02
9.948688884808651878e+00
7.061333631375378062e+00
nan
nan
nan
nan
nan
nan
nan
nan
1.376963553481052713e+02
9.899179275971158987e+00
6.994595308291700952e+00
5.699498823499244970e+00
5.238320810320414189e+00
nan
nan
nan
nan
nan
nan
1.366963553481052713e+02
9.950305522026717142e+00
7.070387050405413376e+00
5.798471591340151221e+00
5.040863941320079533e+00
nan
nan
nan
nan
nan
nan
1.356963553481052713e+02
1.010033679502233817e+01
7.281101396599380493e+00
6.056533369478671602e+00
5.339052823895171329e+00
4.857867409796733149e+00
4.508923922154718156e+00
4.244227005398878205e+00
4.029972128558783062e+00
3.859613802584237696e+00
3.797939167357169410e+00
1.346963553481052713e+02
1.034469063488944052e+01
7.617699034890554444e+00
6.457008253741395976e+00
5.791244899150314041e+00
5.351420561171902790e+00
5.037351366866722913e+00
4.800222245242498076e+00
4.615725414634976431e+00
4.465136403391664288e+00
4.342378331569991090e+00
1.336963553481052713e+02
1.067773233697265844e+01
8.063937535453600702e+00
6.978875062488345549e+00
6.367601237848372620e+00
5.970752439751603191e+00
5.691770181209996338e+00
5.483160005091239242e+00
5.321634405216951080e+00
5.192918484063209661e+00
5.086542562511020549e+00
1.326963553481052713e+02
1.109141504470356665e+01
8.604229689705089612e+00
7.596752309996150032e+00
7.039742934203118807e+00
6.682290422984880962e+00
6.434704887618938329e+00
6.250209243779123014e+00
6.110140201817046091e+00
5.997302022091773210e+00
5.906575844853954038e+00
1.316963553481052713e+02
1.157660441488262748e+01
9.221163794027294358e+00
8.289461608831109274e+00
7.781428728581525789e+00
7.460400698673563369e+00
7.239469343725762229e+00
7.075973298131138733e+00
6.952014099686319781e+00
6.854244655593065616e+00
6.774262300730891084e+00
1.306963553481052713e+02
1.212525990234751916e+01
9.901056574999355320e+00
9.039512402161733462e+00
8.575692092856005644e+00
8.286087302969026069e+00
8.087170559354333932e+00
7.941671772680996000e+00
7.831462738882748909e+00
7.743843607775991345e+00
7.673547412216315422e+00
1.296963553481052713e+02
1.272889697581053170e+01
1.063186479165882048e+01
9.834513981397705606e+00
9.409787645443778104e+00
9.146732883992143570e+00
8.966338272728656023e+00
8.835951198274184293e+00
8.736875628921545456e+00
8.658391411989363462e+00
8.594901344740790705e+00
1.286963553481052713e+02
1.338010051798744371e+01
1.140304653102404586e+01
1.066384938451032482e+01
1.027376027552551463e+01
1.003305124368100820e+01
9.869238894355387259e+00
9.750499234652789227e+00
9.660398995105069275e+00
9.589310706302626386e+00
9.532834663086468652e+00
1.586963553481032534e+02
1.135745137635653101e+01
8.058327206436734613e+00
nan
nan
nan
nan
nan
nan
nan
nan
1.576963553481032534e+02
1.131380246449732851e+01
7.998032418751822803e+00
6.524560935046480381e+00
nan
nan
nan
nan
nan
nan
nan
1.566963553481032534e+02
1.135829269291862076e+01
8.062867280737711084e+00
6.607353737724112719e+00
5.742401833435616609e+00
nan
nan
nan
nan
nan
nan
1.556963553481032534e+02
1.149010277359867516e+01
8.247980690084645516e+00
6.833480771486598826e+00
6.001681241480966378e+00
5.443115941632241217e+00
5.034792936863393464e+00
4.728415586117022507e+00
4.473139785452592498e+00
4.491087282130871827e+00
4.336936489852096344e+00
1.546963553481032534e+02
1.170589030377927742e+01
8.546095907946645198e+00
7.190789249963396301e+00
6.407104914436109411e+00
5.887307353724866132e+00
5.513071137171255742e+00
5.230142989660674147e+00
5.006631718271268738e+00
4.826294209684817815e+00
4.680671631564118584e+00
1.536963553481032534e+02
1.200090367334495767e+01
8.946974039518927668e+00
7.662479464407683238e+00
6.932166754609633941e+00
6.454526019307973428e+00
6.116347003170670149e+00
5.862061011173434366e+00
5.664649625972824509e+00
5.505581105552908028e+00
5.376034818020455575e+00
1.526963553481032534e+02
1.237016547338313543e+01
9.436152766217059451e+00
8.229312909521812713e+00
7.554169352803912219e+00
7.118241919285420494e+00
6.812315503021666885e+00
6.584731629113276696e+00
6.410581519712170717e+00
6.270400988309843271e+00
6.156886012124626717e+00
1.516963553481032534e+02
1.280705895917846959e+01
1.000199911386052776e+01
8.872206269248723132e+00
8.250542741853990947e+00
7.853244076678194574e+00
7.577482368775857680e+00
7.373750214196469699e+00
7.217741305746564251e+00
7.093686707185334228e+00
6.993166730527946129e+00
1.506963553481032534e+02
1.330495239288528353e+01
1.063232655408595662e+01
9.577211740099805581e+00
9.003948510171721153e+00
8.641368835034352713e+00
8.391425795445258018e+00
8.207906388322804503e+00
8.067857222290413688e+00
7.956731225375555994e+00
7.867344357558165413e+00
1.496963553481032534e+02
1.385728273454515858e+01
1.131558268355521335e+01
1.033058384138326247e+01
9.801497915655755122e+00
9.469296043596536094e+00
9.241837851380847013e+00
9.075502357021658639e+00
8.948125364227617951e+00
8.848476243241186978e+00
8.768412857483522060e+00
1.486963553481032534e+02
1.445784560340045743e+01
1.204327448384210442e+01
1.112271559638496754e+01
1.063268331797105759e+01
1.032764591993131376e+01
1.011932233167244988e+01
9.967626605975578258e+00
9.852662938982660989e+00
9.761918160728566107e+00
9.688652528495250493e+00
1.786963553481102451e+02
1.276708698488324600e+01
9.053452602753212730e+00
nan
nan
nan
nan
nan
nan
nan
nan
1.776963553481102451e+02
1.272827213140703861e+01
9.000069648321504800e+00
7.345099098343956356e+00
nan
nan
nan
nan
nan
nan
nan
1.766963553481102451e+02
1.276784321651584619e+01
9.056589259271909498e+00
7.417008946582120288e+00
6.445911943282268908e+00
nan
nan
nan
nan
nan
nan
1.756963553481102451e+02
1.288486239423010993e+01
9.221351075791636376e+00
7.618656097554540096e+00
6.674074384252783432e+00
6.036463047806043036e+00
5.589699847602554783e+00
nan
5.317766107114692886e+00
nan
nan
1.746963553481102451e+02
1.307795178132642278e+01
9.488922731085915885e+00
7.940942685006376678e+00
7.039565709972650964e+00
6.439293551506519719e+00
6.006179508723837657e+00
5.676837857958892286e+00
5.416215675098978721e+00
5.211939083371802894e+00
5.028338749602358604e+00
1.736963553481102451e+02
1.334309510032083068e+01
9.851228395492880097e+00
8.369958805014743319e+00
7.521413240396880084e+00
6.962857118107997678e+00
6.563762936646098112e+00
6.264438464152977559e+00
6.029256893976805642e+00
5.839639733121416043e+00
5.684531134478012504e+00
1.726963553481102451e+02
1.367550299864022989e+01
1.029846885521638100e+01
8.891739865780747820e+00
8.097454656717040677e+00
7.582240042227761379e+00
7.217529342261416403e+00
6.946024985720995915e+00
6.733925910161961070e+00
6.565512248637224602e+00
6.427777662633991085e+00
1.716963553481102451e+02
1.407235837796967459e+01
1.081892442583954050e+01
9.489973355239470720e+00
8.750950165422660021e+00
8.275293003974425687e+00
7.942926721997931594e+00
7.695638311296017164e+00
7.506469893811184235e+00
7.355185894641605771e+00
7.232569602148954502e+00
1.706963553481102451e+02
1.452698723357075039e+01
1.140379302397849415e+01
1.015190129960728171e+01
9.464535818334084638e+00
9.025871628772623723e+00
8.722364589885067687e+00
8.498173855112050035e+00
8.326500579081766773e+00
8.190691607489640091e+00
8.080641885052653350e+00
1.696963553481102451e+02
1.503410074529768536e+01
1.204347644895913660e+01
1.086518563739640797e+01
1.022549375805918359e+01
9.822030565272754643e+00
9.542797554427462359e+00
9.339012263153463778e+00
9.183237492803836943e+00
9.060015701809042810e+00
8.960014499423671452e+00
1.686963553481102451e+02
1.558934020700704437e+01
1.272991375349677412e+01
1.162123708360621777e+01
1.102510025830557794e+01
1.065175764393699609e+01
1.039568084329784980e+01
1.020818502344332757e+01
1.006563766348268274e+01
9.953522943989820959e+00
9.862320867530407043e+00
1.986963553481031397e+02
1.417737671903069518e+01
1.004875953482043904e+01
nan
nan
nan
nan
nan
nan
nan
nan
1.976963553481031397e+02
1.414247888979695844e+01
1.000026625990103746e+01
8.176162909467143081e+00
nan
nan
nan
nan
nan
nan
nan
1.966963553481031397e+02
1.417808440079806331e+01
1.005116689551885578e+01
8.227579900871068830e+00
7.142543202458185192e+00
6.403800453878719878e+00
nan
nan
nan
nan
nan
1.956963553481031397e+02
1.428384047474635210e+01
1.020006914983638069e+01
8.408982000253574896e+00
7.352395217468481903e+00
6.637827859865900848e+00
6.114600087584934229e+00
5.723231248336553278e+00
nan
nan
nan
1.946963553481031397e+02
1.445777123862863078e+01
1.044287212342117321e+01
8.702384197893872297e+00
7.686593016913192855e+00
7.005776407400919226e+00
6.513905084759617381e+00
6.137294050452350547e+00
5.842462847873829190e+00
5.599133941201241527e+00
5.393994367077953100e+00
1.936963553481031397e+02
1.469825873984475706e+01
1.077306383165769432e+01
9.096408639849416389e+00
8.128435001479520139e+00
7.489577254504895976e+00
7.030760837902191085e+00
6.683473822090403971e+00
6.411238748074598703e+00
6.192554897705125683e+00
6.009290592066008685e+00
1.926963553481031397e+02
1.500140020009505548e+01
1.118287150867517354e+01
9.577537431600868345e+00
8.665180856357682870e+00
8.068381295400316233e+00
7.643934708695478975e+00
7.326261441688231457e+00
7.078961364785159915e+00
6.880084788399903672e+00
6.717086251617383041e+00
1.916963553481031397e+02
1.536337060912726216e+01
1.166480632458879896e+01
1.013598353837874555e+01
9.277964507503192237e+00
8.723173886264808274e+00
8.332553561122976404e+00
8.042080527915402399e+00
7.815903054153203300e+00
7.637776833137612797e+00
7.490150601444405254e+00
1.906963553481031397e+02
1.578084629693566399e+01
1.220854376630175864e+01
1.075788614606126359e+01
9.953935963137169551e+00
9.438312529116970495e+00
9.078716628536735556e+00
8.812697409044755403e+00
8.606905993567949054e+00
8.445287117096672347e+00
8.312060524993860611e+00
1.896963553481031397e+02
1.624916166596334932e+01
1.280800760550184592e+01
1.143389677999235587e+01
1.068011767408641077e+01
1.020125675236176122e+01
9.869491945953814849e+00
9.625627954779467643e+00
9.438433888147724105e+00
9.290056069467617306e+00
9.168933475518802112e+00
1.886963553481031397e+02
1.676396220128670222e+01
1.345516035890367235e+01
1.215396528899308848e+01
1.144804828449697709e+01
1.100256325839930582e+01
1.069578167253107637e+01
1.047077711793865262e+01
1.029884685682590728e+01
1.016319486670369798e+01
1.005318365753276311e+01
